<tests>
<test-log library="config" test-name="" test-type="" test-program="" target-directory="libs/config/test/link/borland-5.8.2/debug" toolset="" show-run-output="true">
<compile result="succeed" timestamp="xxx">
"c:/progra~1/borland/bds/4.0/bin/bcc32.exe" -j5 -g255 -q -c -P -Ve -Vx -a8 -b- -v -Od -tWC -tWR -tWC -tWD -WM- -DBOOST_ALL_NO_LIB=1 -DBOOST_DYN_LINK=1 -I".." -I"c:/progra~1/borland/bds/4.0/include/" -o"C:\Users\Misha\Stuff\boost\RC_1_34_0\boost\tools\regression\test\test-cases\borland\actual\libs\config\test\link\borland-5.8.2\debug\link_test.obj" "..\libs\config\test\link\link_test.cpp"

..\libs\config\test\link\link_test.cpp:

file C:\Users\Misha\Stuff\boost\RC_1_34_0\boost\tools\regression\test\test-cases\borland\actual\libs\config\test\link\borland-5.8.2\debug\link_test-bcb-d-1_34.dll.rsp

"C:\Users\Misha\Stuff\boost\RC_1_34_0\boost\tools\regression\test\test-cases\borland\actual\libs\config\test\link\borland-5.8.2\debug\link_test.obj"
   
</compile>
<link result="succeed" timestamp="xxx">

    set "PATH=c:/progra~1/borland/bds/4.0/bin/;%PATH%"
       "c:/progra~1/borland/bds/4.0/bin/bcc32.exe" -v -q -v -v -tWD -tWC -tWR -tWC -tWD -WM-  -L"c:/progra~1/borland/bds/4.0/lib" -e"C:\Users\Misha\Stuff\boost\RC_1_34_0\boost\tools\regression\test\test-cases\borland\actual\libs\config\test\link\borland-5.8.2\debug\link_test-bcb-d-1_34.dll" @"C:\Users\Misha\Stuff\boost\RC_1_34_0\boost\tools\regression\test\test-cases\borland\actual\libs\config\test\link\borland-5.8.2\debug\link_test-bcb-d-1_34.dll.rsp"  &amp;&amp; "c:/progra~1/borland/bds/4.0/bin/implib" "C:\Users\Misha\Stuff\boost\RC_1_34_0\boost\tools\regression\test\test-cases\borland\actual\libs\config\test\link\borland-5.8.2\debug\link_test-bcb-d-1_34.lib" "C:\Users\Misha\Stuff\boost\RC_1_34_0\boost\tools\regression\test\test-cases\borland\actual\libs\config\test\link\borland-5.8.2\debug\link_test-bcb-d-1_34.dll"


Borland Implib Version 3.0.22 Copyright (c) 1991, 2000 Inprise Corporation

file C:\Users\Misha\Stuff\boost\RC_1_34_0\boost\tools\regression\test\test-cases\borland\actual\status\config_link_test.test\borland-5.8.2\debug\config_link_test.exe.rsp

"C:\Users\Misha\Stuff\boost\RC_1_34_0\boost\tools\regression\test\test-cases\borland\actual\status\config_link_test.test\borland-5.8.2\debug\main.obj"
 
"C:\Users\Misha\Stuff\boost\RC_1_34_0\boost\tools\regression\test\test-cases\borland\actual\libs\config\test\link\borland-5.8.2\debug\link_test-bcb-d-1_34.lib"
   
</link>
</test-log>
<test-log library="config" test-name="config_link_test" test-type="run" test-program="libs/config/test/link/main.cpp" target-directory="status/config_link_test.test/borland-5.8.2/debug" toolset="borland-5.8.2" show-run-output="false">
<compile result="succeed" timestamp="xxx">
"c:/progra~1/borland/bds/4.0/bin/bcc32.exe" -j5 -g255 -q -c -P -Ve -Vx -a8 -b- -v -Od -tWC -tWR -tWC -WM- -DBOOST_ALL_NO_LIB=1 -DBOOST_CONFIG_NO_LIB=1 -DBOOST_DYN_LINK=1 -I".." -I"c:/progra~1/borland/bds/4.0/include/" -o"C:\Users\Misha\Stuff\boost\RC_1_34_0\boost\tools\regression\test\test-cases\borland\actual\status\config_link_test.test\borland-5.8.2\debug\main.obj" "g:\boost\rc-1-34\boost\libs\config\test\link\main.cpp"

g:\boost\rc-1-34\boost\libs\config\test\link\main.cpp:
</compile>
<link result="succeed" timestamp="xxx">
set "PATH=c:/progra~1/borland/bds/4.0/bin/;%PATH%"
       "c:/progra~1/borland/bds/4.0/bin/bcc32.exe" -v -q -v -v -tWD -tWC -tWR -tWC -WM-  -L"c:/progra~1/borland/bds/4.0/lib" -e"C:\Users\Misha\Stuff\boost\RC_1_34_0\boost\tools\regression\test\test-cases\borland\actual\status\config_link_test.test\borland-5.8.2\debug\config_link_test.exe" @"C:\Users\Misha\Stuff\boost\RC_1_34_0\boost\tools\regression\test\test-cases\borland\actual\status\config_link_test.test\borland-5.8.2\debug\config_link_test.exe.rsp"

</link>
<run result="succeed" timestamp="xxx">
</run>
</test-log>
</tests>